<?xml version="1.0" encoding="UTF-8"?>
<!-- Generated by org.testng.reporters.JUnitReportReporter -->
<testsuite hostname="LAPTOP-FPO5TC2J" failures="0" tests="2" name="TestNGKeywords.enabledKeyword" time="0.008" errors="0" timestamp="2023-03-10T12:22:21 IST" skipped="1">
  <testcase classname="TestNGKeywords.enabledKeyword" name="TC1" time="0.008"/>
  <system-out>
    <![CDATA[TC1 Running]]>
  </system-out>
  <testcase classname="TestNGKeywords.enabledKeyword" name="TC2">
    <skipped/>
  </testcase> <!-- TC2 -->
  <system-out/>
</testsuite> <!-- TestNGKeywords.enabledKeyword -->
