<?xml version="1.0" encoding="UTF-8"?>
<!-- Generated by org.testng.reporters.JUnitReportReporter -->
<testsuite hostname="LAPTOP-FPO5TC2J" failures="0" tests="4" name="TestNGKeywords.dependsOnMethodsKeyword" time="0.015" errors="0" timestamp="2023-03-10T12:22:21 IST" skipped="0">
  <testcase classname="TestNGKeywords.dependsOnMethodsKeyword" name="logOut" time="0.003"/>
  <system-out>
    <![CDATA[logOut Running]]>
  </system-out>
  <testcase classname="TestNGKeywords.dependsOnMethodsKeyword" name="buy" time="0.002"/>
  <system-out>
    <![CDATA[buy Running]]>
  </system-out>
  <testcase classname="TestNGKeywords.dependsOnMethodsKeyword" name="login" time="0.008"/>
  <system-out>
    <![CDATA[login Running]]>
  </system-out>
  <testcase classname="TestNGKeywords.dependsOnMethodsKeyword" name="cart" time="0.002"/>
  <system-out>
    <![CDATA[cart Running]]>
  </system-out>
</testsuite> <!-- TestNGKeywords.dependsOnMethodsKeyword -->
