<?xml version="1.0" encoding="UTF-8"?>
<!-- Generated by org.testng.reporters.JUnitReportReporter -->
<testsuite hostname="LAPTOP-FPO5TC2J" failures="0" tests="2" name="TestNGDisable.disablebyGroups" time="0.008" errors="0" timestamp="2023-03-10T12:08:33 IST" skipped="0">
  <testcase classname="TestNGDisable.disablebyGroups" name="TC2" time="0.007"/>
  <system-out>
    <![CDATA[TC2 Running]]>
  </system-out>
  <testcase classname="TestNGDisable.disablebyGroups" name="TC5" time="0.001"/>
  <system-out>
    <![CDATA[TC5 Running]]>
  </system-out>
</testsuite> <!-- TestNGDisable.disablebyGroups -->
