<?xml version="1.0" encoding="UTF-8"?>
<!-- Generated by org.testng.reporters.JUnitReportReporter -->
<testsuite hostname="LAPTOP-FPO5TC2J" failures="0" tests="4" name="AssertionExample.assertEqualsMethod" time="0.008" errors="0" timestamp="2023-03-14T19:10:46 IST" skipped="0">
  <testcase classname="AssertionExample.assertEqualsMethod" name="TC6" time="0.000"/>
  <system-out/>
  <testcase classname="AssertionExample.assertEqualsMethod" name="TC2" time="0.000"/>
  <system-out/>
  <testcase classname="AssertionExample.assertEqualsMethod" name="TC5" time="0.001"/>
  <system-out/>
  <testcase classname="AssertionExample.assertEqualsMethod" name="TC1" time="0.007"/>
  <system-out/>
</testsuite> <!-- AssertionExample.assertEqualsMethod -->
