<?xml version="1.0" encoding="UTF-8"?>
<!-- Generated by org.testng.reporters.JUnitReportReporter -->
<testsuite hostname="LAPTOP-FPO5TC2J" failures="0" tests="3" name="TestNG.TestNGAnnotations" time="0.009" errors="0" timestamp="2023-03-07T16:19:38 IST" skipped="0">
  <testcase classname="TestNG.TestNGAnnotations" name="testCase1" time="0.006"/>
  <system-out>
    <![CDATA[TC 1 Executing]]>
  </system-out>
  <testcase classname="TestNG.TestNGAnnotations" name="testCase2" time="0.002"/>
  <system-out>
    <![CDATA[TC 2 Executing]]>
  </system-out>
  <testcase classname="TestNG.TestNGAnnotations" name="testCase3" time="0.001"/>
  <system-out>
    <![CDATA[TC 3 Executing]]>
  </system-out>
</testsuite> <!-- TestNG.TestNGAnnotations -->
