<?xml version="1.0" encoding="UTF-8"?>
<!-- Generated by org.testng.reporters.JUnitReportReporter -->
<testsuite hostname="LAPTOP-FPO5TC2J" failures="0" tests="2" name="TestNG.ReporterLogDemo" time="128.401" errors="0" timestamp="2023-03-07T15:56:44 IST" skipped="0">
  <testcase classname="TestNG.ReporterLogDemo" name="openFlipkart" time="105.242"/>
  <system-out>
    <![CDATA[Maximize Window
Open browser]]>
  </system-out>
  <testcase classname="TestNG.ReporterLogDemo" name="openfacebook" time="23.159"/>
  <system-out>
    <![CDATA[Maximize Window
Open Browser]]>
  </system-out>
</testsuite> <!-- TestNG.ReporterLogDemo -->
