<?xml version="1.0" encoding="UTF-8"?>
<!-- Generated by org.testng.reporters.JUnitReportReporter -->
<testsuite hostname="LAPTOP-FPO5TC2J" failures="0" tests="1" name="AssertionExample.SoftAssertExample" time="0.021" errors="0" timestamp="2023-03-14T19:11:03 IST" skipped="0">
  <testcase classname="AssertionExample.SoftAssertExample" name="Tc1" time="0.021"/>
  <system-out/>
</testsuite> <!-- AssertionExample.SoftAssertExample -->
