<?xml version="1.0" encoding="UTF-8"?>
<!-- Generated by org.testng.reporters.JUnitReportReporter -->
<testsuite hostname="LAPTOP-FPO5TC2J" failures="0" tests="5" name="TestNGKeywords.PriorityKeyword" time="0.015" errors="0" timestamp="2023-03-10T12:22:21 IST" skipped="0">
  <testcase classname="TestNGKeywords.PriorityKeyword" name="TC4" time="0.008"/>
  <system-out>
    <![CDATA[TC4 Running]]>
  </system-out>
  <testcase classname="TestNGKeywords.PriorityKeyword" name="TC3" time="0.001"/>
  <system-out>
    <![CDATA[TC3 Running]]>
  </system-out>
  <testcase classname="TestNGKeywords.PriorityKeyword" name="TC2" time="0.003"/>
  <system-out>
    <![CDATA[TC2 Running]]>
  </system-out>
  <testcase classname="TestNGKeywords.PriorityKeyword" name="TC1" time="0.002"/>
  <system-out>
    <![CDATA[TC1 Running]]>
  </system-out>
  <testcase classname="TestNGKeywords.PriorityKeyword" name="TC5" time="0.001"/>
  <system-out>
    <![CDATA[TC5 Running]]>
  </system-out>
</testsuite> <!-- TestNGKeywords.PriorityKeyword -->
