<?xml version="1.0" encoding="UTF-8"?>
<!-- Generated by org.testng.reporters.JUnitReportReporter -->
<testsuite hostname="LAPTOP-FPO5TC2J" failures="0" tests="2" name="TestNGDisable.TestCaseDisable" time="0.006" errors="0" timestamp="2023-03-15T18:23:46 IST" skipped="0">
  <testcase classname="TestNGDisable.TestCaseDisable" name="TC4" time="0.000"/>
  <system-out>
    <![CDATA[TC4 Running]]>
  </system-out>
  <testcase classname="TestNGDisable.TestCaseDisable" name="TC2" time="0.006"/>
  <system-out>
    <![CDATA[TC2 Running]]>
  </system-out>
</testsuite> <!-- TestNGDisable.TestCaseDisable -->
