<?xml version="1.0" encoding="UTF-8"?>
<!-- Generated by org.testng.reporters.JUnitReportReporter -->
<testsuite hostname="LAPTOP-FPO5TC2J" failures="0" tests="1" name="POM_DDF_TestNG_BaseClass_UtilityClass.BaseClass" time="0.000" errors="0" timestamp="2023-03-15T12:42:03 IST" skipped="1">
  <testcase classname="POM_DDF_TestNG_BaseClass_UtilityClass.BaseClass" name="configureBrowser" time="0.000">
    <skipped/>
  </testcase> <!-- configureBrowser -->
  <system-out/>
</testsuite> <!-- POM_DDF_TestNG_BaseClass_UtilityClass.BaseClass -->
