<?xml version="1.0" encoding="UTF-8"?>
<!-- Generated by org.testng.reporters.JUnitReportReporter -->
<testsuite hostname="LAPTOP-FPO5TC2J" failures="0" tests="2" name="TestNG.TestClassWithTestNG" time="85.181" errors="0" timestamp="2023-03-07T15:36:47 IST" skipped="0">
  <testcase classname="TestNG.TestClassWithTestNG" name="openFacebook" time="19.504"/>
  <system-out/>
  <testcase classname="TestNG.TestClassWithTestNG" name="openFlipkart" time="65.677"/>
  <system-out/>
</testsuite> <!-- TestNG.TestClassWithTestNG -->
